<?xml version="1.0" encoding="UTF-8"?>
<!-- Generated by org.testng.reporters.JUnitReportReporter -->
<testsuite hostname="LAPTOP-CQJ9B21G" failures="0" tests="1" name="TargetSignUp.Frame" time="10.693" errors="0" timestamp="2022-06-17T10:20:56 EDT" skipped="0">
  <testcase classname="TargetSignUp.Frame" name="frame_demo" time="10.693"/>
  <system-out/>
</testsuite> <!-- TargetSignUp.Frame -->
