<?xml version="1.0" encoding="UTF-8"?>
<!-- Generated by org.testng.reporters.JUnitReportReporter -->
<testsuite hostname="LAPTOP-CQJ9B21G" failures="0" tests="1" name="SmallConceptsSunday.countLink" time="8.859" errors="0" timestamp="2022-06-14T12:51:11 EDT" skipped="0">
  <testcase classname="SmallConceptsSunday.countLink" name="link_demo" time="8.859"/>
  <system-out/>
</testsuite> <!-- SmallConceptsSunday.countLink -->
