<?xml version="1.0" encoding="UTF-8"?>
<!-- Generated by org.testng.reporters.JUnitReportReporter -->
<testsuite hostname="LAPTOP-CQJ9B21G" failures="0" tests="1" name="com.trisha.com.dallas.JavaScriptExecutor_demo" time="11.690" errors="0" timestamp="2022-06-14T09:55:25 EDT" skipped="0">
  <testcase classname="com.trisha.com.dallas.JavaScriptExecutor_demo" name="verifylogin" time="11.690"/>
  <system-out/>
</testsuite> <!-- com.trisha.com.dallas.JavaScriptExecutor_demo -->
