<?xml version="1.0" encoding="UTF-8"?>
<!-- Generated by org.testng.reporters.JUnitReportReporter -->
<testsuite hostname="LAPTOP-CQJ9B21G" failures="0" tests="1" name="SmallConceptsSunday.firstTestNG_printUserName" time="10.894" errors="0" timestamp="2022-06-14T16:00:38 EDT" skipped="0">
  <testcase classname="SmallConceptsSunday.firstTestNG_printUserName" name="verifylogin" time="10.894"/>
  <system-out/>
</testsuite> <!-- SmallConceptsSunday.firstTestNG_printUserName -->
