<?xml version="1.0" encoding="UTF-8"?>
<!-- Generated by org.testng.reporters.JUnitReportReporter -->
<testsuite hostname="LAPTOP-CQJ9B21G" failures="0" tests="1" name="TargetSignUp.ScrollDown" time="10.504" errors="0" timestamp="2022-06-17T11:10:22 EDT" skipped="0">
  <testcase classname="TargetSignUp.ScrollDown" name="scrollDown" time="10.504"/>
  <system-out/>
</testsuite> <!-- TargetSignUp.ScrollDown -->
