<?xml version="1.0" encoding="UTF-8"?>
<!-- Generated by org.testng.reporters.JUnitReportReporter -->
<testsuite hostname="LAPTOP-CQJ9B21G" failures="0" tests="1" name="TargetSignUp.createAccount" time="19.045" errors="0" timestamp="2022-06-16T11:28:25 EDT" skipped="0">
  <testcase classname="TargetSignUp.createAccount" name="newAccount" time="19.045"/>
  <system-out/>
</testsuite> <!-- TargetSignUp.createAccount -->
