<?xml version="1.0" encoding="UTF-8"?>
<!-- Generated by org.testng.reporters.JUnitReportReporter -->
<testsuite hostname="LAPTOP-CQJ9B21G" failures="0" tests="1" name="com.trisha.com.dallas.Dropdown_demo" time="9.557" errors="0" timestamp="2022-06-12T13:23:20 EDT" skipped="0">
  <testcase classname="com.trisha.com.dallas.Dropdown_demo" name="dropDown" time="9.557"/>
  <system-out/>
</testsuite> <!-- com.trisha.com.dallas.Dropdown_demo -->
