<?xml version="1.0" encoding="UTF-8"?>
<!-- Generated by org.testng.reporters.JUnitReportReporter -->
<testsuite hostname="LAPTOP-CQJ9B21G" failures="0" tests="1" name="SmallConceptsSunday.getTitle" time="3.383" errors="0" timestamp="2022-06-17T10:32:10 EDT" skipped="0">
  <testcase classname="SmallConceptsSunday.getTitle" name="printTitle" time="3.383"/>
  <system-out/>
</testsuite> <!-- SmallConceptsSunday.getTitle -->
