<?xml version="1.0" encoding="UTF-8"?>
<!-- Generated by org.testng.reporters.JUnitReportReporter -->
<testsuite hostname="LAPTOP-CQJ9B21G" failures="0" tests="1" name="com.trisha.com.dallas.firstTestNG_demo" time="13.064" errors="0" timestamp="2022-06-14T09:14:29 EDT" skipped="0">
  <testcase classname="com.trisha.com.dallas.firstTestNG_demo" name="verifylogin" time="13.064"/>
  <system-out/>
</testsuite> <!-- com.trisha.com.dallas.firstTestNG_demo -->
