<?xml version="1.0" encoding="UTF-8"?>
<!-- Generated by org.testng.reporters.JUnitReportReporter -->
<testsuite hostname="LAPTOP-CQJ9B21G" failures="0" tests="1" name="SmallConceptsSunday.mouseHover_demo" time="14.728" errors="0" timestamp="2022-06-14T15:42:09 EDT" skipped="0">
  <testcase classname="SmallConceptsSunday.mouseHover_demo" name="mouseHover" time="14.728"/>
  <system-out/>
</testsuite> <!-- SmallConceptsSunday.mouseHover_demo -->
