<?xml version="1.0" encoding="UTF-8"?>
<!-- Generated by org.testng.reporters.JUnitReportReporter -->
<testsuite hostname="LAPTOP-CQJ9B21G" failures="0" tests="1" name="com.trisha.com.dallas.Frame_demo" time="6.850" errors="0" timestamp="2022-06-14T11:22:03 EDT" skipped="0">
  <testcase classname="com.trisha.com.dallas.Frame_demo" name="frame_demo" time="6.850"/>
  <system-out/>
</testsuite> <!-- com.trisha.com.dallas.Frame_demo -->
