<?xml version="1.0" encoding="UTF-8"?>
<!-- Generated by org.testng.reporters.JUnitReportReporter -->
<testsuite hostname="LAPTOP-CQJ9B21G" failures="0" tests="1" name="com.trisha.com.dallas.mouseOver_demo" time="4.273" errors="0" timestamp="2022-06-12T13:30:58 EDT" skipped="0">
  <testcase classname="com.trisha.com.dallas.mouseOver_demo" name="mouseover" time="4.273"/>
  <system-out/>
</testsuite> <!-- com.trisha.com.dallas.mouseOver_demo -->
