<?xml version="1.0" encoding="UTF-8"?>
<!-- Generated by org.testng.reporters.JUnitReportReporter -->
<testsuite hostname="LAPTOP-CQJ9B21G" failures="0" tests="1" name="SmallConceptsSunday.Dropdown_demo" time="9.300" errors="0" timestamp="2022-06-14T14:55:10 EDT" skipped="0">
  <testcase classname="SmallConceptsSunday.Dropdown_demo" name="dropDown" time="9.300"/>
  <system-out/>
</testsuite> <!-- SmallConceptsSunday.Dropdown_demo -->
