<?xml version="1.0" encoding="UTF-8"?>
<!-- Generated by org.testng.reporters.JUnitReportReporter -->
<testsuite hostname="LAPTOP-CQJ9B21G" failures="0" tests="1" name="TargetSignUp.userNamePass_Print" time="11.388" errors="0" timestamp="2022-06-17T10:25:25 EDT" skipped="0">
  <testcase classname="TargetSignUp.userNamePass_Print" name="newAccount" time="11.388"/>
  <system-out/>
</testsuite> <!-- TargetSignUp.userNamePass_Print -->
