<?xml version="1.0" encoding="UTF-8"?>
<!-- Generated by org.testng.reporters.JUnitReportReporter -->
<testsuite hostname="LAPTOP-CQJ9B21G" failures="0" tests="1" name="SmallConceptsSunday.AlertOrPopup_demo" time="11.193" errors="0" timestamp="2022-06-19T08:20:15 EDT" skipped="0">
  <testcase classname="SmallConceptsSunday.AlertOrPopup_demo" name="alert_demo" time="11.193"/>
  <system-out/>
</testsuite> <!-- SmallConceptsSunday.AlertOrPopup_demo -->
