<?xml version="1.0" encoding="UTF-8"?>
<!-- Generated by org.testng.reporters.JUnitReportReporter -->
<testsuite hostname="LAPTOP-CQJ9B21G" failures="0" tests="1" name="com.trisha.com.dallas.Alert_demo" time="9.269" errors="0" timestamp="2022-06-14T10:20:34 EDT" skipped="0">
  <testcase classname="com.trisha.com.dallas.Alert_demo" name="alert_demo" time="9.269"/>
  <system-out/>
</testsuite> <!-- com.trisha.com.dallas.Alert_demo -->
