<?xml version="1.0" encoding="UTF-8"?>
<!-- Generated by org.testng.reporters.JUnitReportReporter -->
<testsuite hostname="LAPTOP-CQJ9B21G" failures="0" tests="1" name="SmallConceptsSunday.printURL" time="2.727" errors="0" timestamp="2022-06-14T11:58:50 EDT" skipped="0">
  <testcase classname="SmallConceptsSunday.printURL" name="print" time="2.727"/>
  <system-out/>
</testsuite> <!-- SmallConceptsSunday.printURL -->
