<?xml version="1.0" encoding="UTF-8"?>
<!-- Generated by org.testng.reporters.JUnitReportReporter -->
<testsuite hostname="LAPTOP-CQJ9B21G" failures="0" tests="1" name="TargetSignUp.dropDown" time="21.095" errors="0" timestamp="2022-06-16T11:59:15 EDT" skipped="0">
  <testcase classname="TargetSignUp.dropDown" name="dd_Menu" time="21.095"/>
  <system-out/>
</testsuite> <!-- TargetSignUp.dropDown -->
