<?xml version="1.0" encoding="UTF-8"?>
<!-- Generated by org.testng.reporters.JUnitReportReporter -->
<testsuite hostname="LAPTOP-CQJ9B21G" failures="0" tests="1" name="TargetSignUp.get_TitlePageSourceandURL" time="8.280" errors="0" timestamp="2022-06-17T10:43:01 EDT" skipped="0">
  <testcase classname="TargetSignUp.get_TitlePageSourceandURL" name="printTitle" time="8.280"/>
  <system-out/>
</testsuite> <!-- TargetSignUp.get_TitlePageSourceandURL -->
