<?xml version="1.0" encoding="UTF-8"?>
<!-- Generated by org.testng.reporters.JUnitReportReporter -->
<testsuite hostname="LAPTOP-CQJ9B21G" failures="0" tests="1" name="TargetSignUp.JavascripExecutor" time="19.127" errors="0" timestamp="2022-06-16T12:21:22 EDT" skipped="0">
  <testcase classname="TargetSignUp.JavascripExecutor" name="newAccount" time="19.127"/>
  <system-out/>
</testsuite> <!-- TargetSignUp.JavascripExecutor -->
