<?xml version="1.0" encoding="UTF-8"?>
<!-- Generated by org.testng.reporters.JUnitReportReporter -->
<testsuite hostname="LAPTOP-CQJ9B21G" failures="0" tests="1" name="SmallConceptsSunday.ScrollOver" time="11.935" errors="0" timestamp="2022-06-22T19:44:27 EDT" skipped="0">
  <testcase classname="SmallConceptsSunday.ScrollOver" name="scrollDown" time="11.935"/>
  <system-out/>
</testsuite> <!-- SmallConceptsSunday.ScrollOver -->
